  Processing .\CPPVideoControl.idl
  CPPVideoControl.idl
  Processing C:\Program Files (x86)\Windows Kits\8.0\Include\um\oaidl.idl
  oaidl.idl
  Processing C:\Program Files (x86)\Windows Kits\8.0\Include\um\objidl.idl
  objidl.idl
  Processing C:\Program Files (x86)\Windows Kits\8.0\Include\um\unknwn.idl
  unknwn.idl
  Processing C:\Program Files (x86)\Windows Kits\8.0\Include\shared\wtypes.idl
  wtypes.idl
  Processing C:\Program Files (x86)\Windows Kits\8.0\Include\shared\wtypesbase.idl
  wtypesbase.idl
  Processing C:\Program Files (x86)\Windows Kits\8.0\Include\shared\basetsd.h
  basetsd.h
  Processing C:\Program Files (x86)\Windows Kits\8.0\Include\shared\guiddef.h
  guiddef.h
  Processing C:\Program Files (x86)\Windows Kits\8.0\Include\um\ocidl.idl
  ocidl.idl
  Processing C:\Program Files (x86)\Windows Kits\8.0\Include\um\oleidl.idl
  oleidl.idl
  Processing C:\Program Files (x86)\Windows Kits\8.0\Include\um\servprov.idl
  servprov.idl
  Processing C:\Program Files (x86)\Windows Kits\8.0\Include\um\urlmon.idl
  urlmon.idl
  Processing C:\Program Files (x86)\Windows Kits\8.0\Include\um\msxml.idl
  msxml.idl
  Processing C:\Program Files (x86)\Windows Kits\8.0\Include\um\oaidl.acf
  oaidl.acf
  Processing C:\Program Files (x86)\Windows Kits\8.0\Include\um\ocidl.acf
  ocidl.acf
  StdAfx.cpp
c:\program files (x86)\microsoft visual studio 11.0\vc\atlmfc\include\atlwinverapi.h(29): fatal error C1189: #error :  This file requires _WIN32_WINNT to be #defined at least to 0x0403. Value 0x0501 or higher is recommended.
